<?xml version="1.0" encoding="UTF-8"?>
<!-- Generated by org.testng.reporters.JUnitReportReporter -->
<testsuite hostname="LAPTOP-PVV7N6N8" failures="0" tests="1" name="org.QAfoxProject.Desktops.Desktops_PC_Test" time="17.407" errors="0" timestamp="2025-01-09T13:48:16 IST" skipped="0">
  <testcase classname="org.QAfoxProject.Desktops.Desktops_PC_Test" name="addProduct" time="17.407"/>
  <system-out>
    <![CDATA[Desktop PC Identified Successfully]]>
  </system-out>
</testsuite> <!-- org.QAfoxProject.Desktops.Desktops_PC_Test -->
