<?xml version="1.0" encoding="UTF-8"?>
<!-- Generated by org.testng.reporters.JUnitReportReporter -->
<testsuite hostname="LAPTOP-PVV7N6N8" failures="0" tests="1" name="Demo.DemoTask" time="0.539" errors="0" timestamp="2025-01-10T13:04:51 IST" skipped="0">
  <testcase classname="Demo.DemoTask" name="demoTesting1" time="0.539"/>
  <system-out/>
</testsuite> <!-- Demo.DemoTask -->
