<?xml version="1.0" encoding="UTF-8"?>
<!-- Generated by org.testng.reporters.JUnitReportReporter -->
<testsuite hostname="DESKTOP-U2PE9Q1" failures="0" tests="2" name="org.QAfoxProject.Desktops.Desktops_Mac_Test" time="49.290" errors="0" timestamp="2025-01-30T11:37:40 IST" skipped="0">
  <testcase classname="org.QAfoxProject.Desktops.Desktops_Mac_Test" name="addProduct_Desktops_Mac" time="34.452"/>
  <system-out/>
  <testcase classname="org.QAfoxProject.Desktops.Desktops_Mac_Test" name="m1" time="14.838"/>
  <system-out/>
</testsuite> <!-- org.QAfoxProject.Desktops.Desktops_Mac_Test -->
