<?xml version="1.0" encoding="UTF-8"?>
<!-- Generated by org.testng.reporters.JUnitReportReporter -->
<testsuite hostname="DESKTOP-U2PE9Q1" failures="0" tests="2" name="org.QAfoxProject.Desktops.Desktops_Mac_Test" time="69.064" errors="0" timestamp="2025-01-30T12:31:14 IST" skipped="0">
  <testcase classname="org.QAfoxProject.Desktops.Desktops_Mac_Test" name="addProduct_Desktops_Mac" time="55.715"/>
  <system-out/>
  <testcase classname="org.QAfoxProject.Desktops.Desktops_Mac_Test" name="m1" time="13.349"/>
  <system-out/>
</testsuite> <!-- org.QAfoxProject.Desktops.Desktops_Mac_Test -->
