<?xml version="1.0" encoding="UTF-8"?>
<!-- Generated by org.testng.reporters.JUnitReportReporter -->
<testsuite hostname="LAPTOP-PVV7N6N8" failures="0" tests="2" name="org.QAfoxProject.RegisterAccount.RegisterAccountTest" time="0.017" errors="0" timestamp="2025-01-07T14:18:09 IST" skipped="0">
  <testcase classname="org.QAfoxProject.RegisterAccount.RegisterAccountTest" name="verifyWithInvalidInput" time="0.013"/>
  <system-out>
    <![CDATA[onTestStart..!!
RegisterAccount Verified With Invalid Input
onTestSuccess..!!]]>
  </system-out>
  <testcase classname="org.QAfoxProject.RegisterAccount.RegisterAccountTest" name="verifyWithValidInput" time="0.004"/>
  <system-out>
    <![CDATA[onTestStart..!!
RegisterAccount Verified With Valid Input
onTestSuccess..!!]]>
  </system-out>
</testsuite> <!-- org.QAfoxProject.RegisterAccount.RegisterAccountTest -->
