<?xml version="1.0" encoding="UTF-8"?>
<!-- Generated by org.testng.reporters.JUnitReportReporter -->
<testsuite hostname="DESKTOP-U2PE9Q1" failures="0" tests="2" name="org.QAfoxProject.Desktops.Desktops_Mac_Test" time="31.579" errors="0" timestamp="2025-01-29T14:31:16 IST" skipped="0">
  <testcase classname="org.QAfoxProject.Desktops.Desktops_Mac_Test" name="addProduct_Desktops_Mac" time="24.446"/>
  <system-out/>
  <testcase classname="org.QAfoxProject.Desktops.Desktops_Mac_Test" name="m1" time="7.133"/>
  <system-out/>
</testsuite> <!-- org.QAfoxProject.Desktops.Desktops_Mac_Test -->
